This is pdfTeX, Version 3.141592653-2.6-1.40.23 (MiKTeX 21.10) (preloaded format=pdflatex 2021.10.11)  21 APR 2022 17:42
entering extended mode
**./picturesNtable.tex
(picturesNtable.tex
LaTeX2e <2021-06-01> patch level 1
L3 programming layer <2021-08-27>
(C:\Users\A\AppData\Local\Programs\MiKTeX\tex/latex/base\article.cls
Document Class: article 2021/02/12 v1.4n Standard LaTeX document class
(C:\Users\A\AppData\Local\Programs\MiKTeX\tex/latex/base\fleqn.clo
File: fleqn.clo 2016/12/29 v1.2b Standard LaTeX option (flush left equations)
\mathindent=\skip47
Applying: [2015/01/01] Make \[ robust on input line 50.
LaTeX Info: Redefining \[ on input line 51.
Already applied: [0000/00/00] Make \[ robust on input line 62.
Applying: [2015/01/01] Make \] robust on input line 74.
LaTeX Info: Redefining \] on input line 75.
Already applied: [0000/00/00] Make \] robust on input line 83.
)
(C:\Users\A\AppData\Local\Programs\MiKTeX\tex/latex/base\size12.clo
File: size12.clo 2021/02/12 v1.4n Standard LaTeX file (size option)
)
\c@part=\count182
\c@section=\count183
\c@subsection=\count184
\c@subsubsection=\count185
\c@paragraph=\count186
\c@subparagraph=\count187
\c@figure=\count188
\c@table=\count189
\abovecaptionskip=\skip48
\belowcaptionskip=\skip49
\bibindent=\dimen138
)
(C:\Users\A\AppData\Local\Programs\MiKTeX\tex/latex/graphics\graphicx.sty
Package: graphicx 2020/12/05 v1.2c Enhanced LaTeX Graphics (DPC,SPQR)

(C:\Users\A\AppData\Local\Programs\MiKTeX\tex/latex/graphics\keyval.sty
Package: keyval 2014/10/28 v1.15 key=value parser (DPC)
\KV@toks@=\toks16
)
(C:\Users\A\AppData\Local\Programs\MiKTeX\tex/latex/graphics\graphics.sty
Package: graphics 2021/03/04 v1.4d Standard LaTeX Graphics (DPC,SPQR)

(C:\Users\A\AppData\Local\Programs\MiKTeX\tex/latex/graphics\trig.sty
Package: trig 2016/01/03 v1.10 sin cos tan (DPC)
)
(C:\Users\A\AppData\Local\Programs\MiKTeX\tex/latex/graphics-cfg\graphics.cfg
File: graphics.cfg 2016/06/04 v1.11 sample graphics configuration
)
Package graphics Info: Driver file: pdftex.def on input line 107.

(C:\Users\A\AppData\Local\Programs\MiKTeX\tex/latex/graphics-def\pdftex.def
File: pdftex.def 2020/10/05 v1.2a Graphics/color driver for pdftex
))
\Gin@req@height=\dimen139
\Gin@req@width=\dimen140
)
(C:\Users\A\AppData\Local\Programs\MiKTeX\tex/latex/l3backend\l3backend-pdftex.
def
File: l3backend-pdftex.def 2021-08-04 L3 backend support: PDF output (pdfTeX)
\l__color_backend_stack_int=\count190
\l__pdf_internal_box=\box50
)
No file picturesNtable.aux.
\openout1 = `picturesNtable.aux'.

LaTeX Font Info:    Checking defaults for OML/cmm/m/it on input line 8.
LaTeX Font Info:    ... okay on input line 8.
LaTeX Font Info:    Checking defaults for OMS/cmsy/m/n on input line 8.
LaTeX Font Info:    ... okay on input line 8.
LaTeX Font Info:    Checking defaults for OT1/cmr/m/n on input line 8.
LaTeX Font Info:    ... okay on input line 8.
LaTeX Font Info:    Checking defaults for T1/cmr/m/n on input line 8.
LaTeX Font Info:    ... okay on input line 8.
LaTeX Font Info:    Checking defaults for TS1/cmr/m/n on input line 8.
LaTeX Font Info:    ... okay on input line 8.
LaTeX Font Info:    Checking defaults for OMX/cmex/m/n on input line 8.
LaTeX Font Info:    ... okay on input line 8.
LaTeX Font Info:    Checking defaults for U/cmr/m/n on input line 8.
LaTeX Font Info:    ... okay on input line 8.
(C:\Users\A\AppData\Local\Programs\MiKTeX\tex/context/base/mkii\supp-pdf.mkii
[Loading MPS to PDF converter (version 2006.09.02).]
\scratchcounter=\count191
\scratchdimen=\dimen141
\scratchbox=\box51
\nofMPsegments=\count192
\nofMParguments=\count193
\everyMPshowfont=\toks17
\MPscratchCnt=\count194
\MPscratchDim=\dimen142
\MPnumerator=\count195
\makeMPintoPDFobject=\count196
\everyMPtoPDFconversion=\toks18
)
(C:\Users\A\AppData\Local\Programs\MiKTeX\tex/latex/epstopdf-pkg\epstopdf-base.
sty
Package: epstopdf-base 2020-01-24 v2.11 Base part for package epstopdf
Package epstopdf-base Info: Redefining graphics rule for `.eps' on input line 4
85.

(C:\Users\A\AppData\Local\Programs\MiKTeX\tex/latex/00miktex\epstopdf-sys.cfg
File: epstopdf-sys.cfg 2021/03/18 v2.0 Configuration of epstopdf for MiKTeX
))
LaTeX Font Info:    External font `cmex10' loaded for size
(Font)              <14.4> on input line 9.
LaTeX Font Info:    External font `cmex10' loaded for size
(Font)              <7> on input line 9.
LaTeX Font Info:    External font `cmex10' loaded for size
(Font)              <12> on input line 12.
LaTeX Font Info:    External font `cmex10' loaded for size
(Font)              <8> on input line 12.
LaTeX Font Info:    External font `cmex10' loaded for size
(Font)              <6> on input line 12.
Package epstopdf Info: Source file: <jojo_chime.eps>
(epstopdf)                    date: 2021-12-16 22:06:19
(epstopdf)                    size: 2444994 bytes
(epstopdf)             Output file: <jojo_chime-eps-converted-to.pdf>
(epstopdf)             Command: <miktex-epstopdf --outfile=jojo_chime-eps-conve
rted-to.pdf jojo_chime.eps>
(epstopdf)             \includegraphics on input line 15.
runsystem(miktex-epstopdf --outfile=jojo_chime-eps-converted-to.pdf jojo_chime.
eps)...executed (allowed).

Package epstopdf Info: Result file: <jojo_chime-eps-converted-to.pdf>
(epstopdf)                    date: 2022-04-21 17:42:50
(epstopdf)                    size: 85167 bytes.


pdfTeX warning: pdflatex (file ./jojo_chime-eps-converted-to.pdf): PDF inclusio
n: found PDF version <1.7>, but at most version <1.5> allowed
<jojo_chime-eps-converted-to.pdf, id=1, 602.25pt x 671.50874pt>
File: jojo_chime-eps-converted-to.pdf Graphic file (type pdf)
<use jojo_chime-eps-converted-to.pdf>
Package pdftex.def Info: jojo_chime-eps-converted-to.pdf  used on input line 15
.
(pdftex.def)             Requested size: 42.67912pt x 47.58421pt.
Package epstopdf Info: Source file: <jojo_chime.eps>
(epstopdf)                    date: 2021-12-16 22:06:19
(epstopdf)                    size: 2444994 bytes
(epstopdf)             Output file: <jojo_chime-eps-converted-to.pdf>
(epstopdf)                    date: 2022-04-21 17:42:50
(epstopdf)                    size: 85167 bytes
(epstopdf)             Command: <miktex-epstopdf --outfile=jojo_chime-eps-conve
rted-to.pdf jojo_chime.eps>
(epstopdf)             \includegraphics on input line 16.
Package epstopdf Info: Output file is already uptodate.
File: jojo_chime-eps-converted-to.pdf Graphic file (type pdf)
<use jojo_chime-eps-converted-to.pdf>
Package pdftex.def Info: jojo_chime-eps-converted-to.pdf  used on input line 16
.
(pdftex.def)             Requested size: 28.45274pt x 31.72281pt.
Package epstopdf Info: Source file: <jojo_chime.eps>
(epstopdf)                    date: 2021-12-16 22:06:19
(epstopdf)                    size: 2444994 bytes
(epstopdf)             Output file: <jojo_chime-eps-converted-to.pdf>
(epstopdf)                    date: 2022-04-21 17:42:50
(epstopdf)                    size: 85167 bytes
(epstopdf)             Command: <miktex-epstopdf --outfile=jojo_chime-eps-conve
rted-to.pdf jojo_chime.eps>
(epstopdf)             \includegraphics on input line 17.
Package epstopdf Info: Output file is already uptodate.
File: jojo_chime-eps-converted-to.pdf Graphic file (type pdf)
<use jojo_chime-eps-converted-to.pdf>
Package pdftex.def Info: jojo_chime-eps-converted-to.pdf  used on input line 17
.
(pdftex.def)             Requested size: 42.67912pt x 47.58421pt.
Package epstopdf Info: Source file: <totoro.eps>
(epstopdf)                    date: 2021-12-16 22:06:44
(epstopdf)                    size: 1383578 bytes
(epstopdf)             Output file: <totoro-eps-converted-to.pdf>
(epstopdf)             Command: <miktex-epstopdf --outfile=totoro-eps-converted
-to.pdf totoro.eps>
(epstopdf)             \includegraphics on input line 22.
runsystem(miktex-epstopdf --outfile=totoro-eps-converted-to.pdf totoro.eps)...e
xecuted (allowed).

Package epstopdf Info: Result file: <totoro-eps-converted-to.pdf>
(epstopdf)                    date: 2022-04-21 17:42:53
(epstopdf)                    size: 34879 bytes.


pdfTeX warning: pdflatex (file ./totoro-eps-converted-to.pdf): PDF inclusion: f
ound PDF version <1.7>, but at most version <1.5> allowed
<totoro-eps-converted-to.pdf, id=2, 551.05875pt x 414.54875pt>
File: totoro-eps-converted-to.pdf Graphic file (type pdf)
<use totoro-eps-converted-to.pdf>
Package pdftex.def Info: totoro-eps-converted-to.pdf  used on input line 22.
(pdftex.def)             Requested size: 42.67912pt x 32.10188pt.
Package epstopdf Info: Source file: <totoro.eps>
(epstopdf)                    date: 2021-12-16 22:06:44
(epstopdf)                    size: 1383578 bytes
(epstopdf)             Output file: <totoro-eps-converted-to.pdf>
(epstopdf)                    date: 2022-04-21 17:42:53
(epstopdf)                    size: 34879 bytes
(epstopdf)             Command: <miktex-epstopdf --outfile=totoro-eps-converted
-to.pdf totoro.eps>
(epstopdf)             \includegraphics on input line 23.
Package epstopdf Info: Output file is already uptodate.
File: totoro-eps-converted-to.pdf Graphic file (type pdf)
<use totoro-eps-converted-to.pdf>
Package pdftex.def Info: totoro-eps-converted-to.pdf  used on input line 23.
(pdftex.def)             Requested size: 28.45274pt x 21.39914pt.
Package epstopdf Info: Source file: <totoro.eps>
(epstopdf)                    date: 2021-12-16 22:06:44
(epstopdf)                    size: 1383578 bytes
(epstopdf)             Output file: <totoro-eps-converted-to.pdf>
(epstopdf)                    date: 2022-04-21 17:42:53
(epstopdf)                    size: 34879 bytes
(epstopdf)             Command: <miktex-epstopdf --outfile=totoro-eps-converted
-to.pdf totoro.eps>
(epstopdf)             \includegraphics on input line 24.
Package epstopdf Info: Output file is already uptodate.
File: totoro-eps-converted-to.pdf Graphic file (type pdf)
<use totoro-eps-converted-to.pdf>
Package pdftex.def Info: totoro-eps-converted-to.pdf  used on input line 24.
(pdftex.def)             Requested size: 42.67912pt x 32.10188pt.
[1

{C:/Users/A/AppData/Local/MiKTeX/pdftex/config/pdftex.map} <./jojo_chime-eps-co
nverted-to.pdf> <./totoro-eps-converted-to.pdf>] (picturesNtable.aux) ) 
Here is how much of TeX's memory you used:
 1241 strings out of 478927
 19552 string characters out of 2854430
 313390 words of memory out of 3000000
 19134 multiletter control sequences out of 15000+600000
 407984 words of font info for 42 fonts, out of 8000000 for 9000
 1141 hyphenation exceptions out of 8191
 57i,12n,66p,193b,221s stack positions out of 5000i,500n,10000p,200000b,80000s
<C:/User
s/A/AppData/Local/Programs/MiKTeX/fonts/type1/public/amsfonts/cm/cmbx12.pfb><C:
/Users/A/AppData/Local/Programs/MiKTeX/fonts/type1/public/amsfonts/cm/cmr12.pfb
><C:/Users/A/AppData/Local/Programs/MiKTeX/fonts/type1/public/amsfonts/cm/cmr17
.pfb>
Output written on picturesNtable.pdf (1 page, 152206 bytes).
PDF statistics:
 29 PDF objects out of 1000 (max. 8388607)
 0 named destinations out of 1000 (max. 500000)
 11 words of extra memory for PDF output out of 10000 (max. 10000000)

